This is pdfTeX, Version 3.1415926-1.40.11 (TeX Live 2010) (format=pdflatex 2010.7.21)  24 NOV 2013 21:13
entering extended mode
 restricted \write18 enabled.
 %&-line parsing enabled.
**manuscript.tex
(./manuscript.tex
LaTeX2e <2009/09/24>
Babel <v3.8l> and hyphenation patterns for english, dumylang, nohyphenation, ge
rman-x-2009-06-19, ngerman-x-2009-06-19, ancientgreek, ibycus, arabic, armenian
, basque, bulgarian, catalan, pinyin, coptic, croatian, czech, danish, dutch, u
kenglish, usenglishmax, esperanto, estonian, farsi, finnish, french, galician, 
german, ngerman, swissgerman, monogreek, greek, hungarian, icelandic, assamese,
 bengali, gujarati, hindi, kannada, malayalam, marathi, oriya, panjabi, tamil, 
telugu, indonesian, interlingua, irish, italian, kurmanji, lao, latin, latvian,
 lithuanian, mongolian, mongolianlmc, bokmal, nynorsk, polish, portuguese, roma
nian, russian, sanskrit, serbian, slovak, slovenian, spanish, swedish, turkish,
 turkmen, ukrainian, uppersorbian, welsh, loaded.
(./elsarticle.cls
Document Class: elsarticle 2009/09/17, 1.20b: Elsevier Ltd
\@bls=\dimen102
(/usr/local/texlive/2010/texmf-dist/tex/latex/base/article.cls
Document Class: article 2007/10/19 v1.4h Standard LaTeX document class
(/usr/local/texlive/2010/texmf-dist/tex/latex/base/size10.clo
File: size10.clo 2007/10/19 v1.4h Standard LaTeX file (size option)
)
\c@part=\count79
\c@section=\count80
\c@subsection=\count81
\c@subsubsection=\count82
\c@paragraph=\count83
\c@subparagraph=\count84
\c@figure=\count85
\c@table=\count86
\abovecaptionskip=\skip41
\belowcaptionskip=\skip42
\bibindent=\dimen103
)
(/usr/local/texlive/2010/texmf-dist/tex/latex/graphics/graphicx.sty
Package: graphicx 1999/02/16 v1.0f Enhanced LaTeX Graphics (DPC,SPQR)

(/usr/local/texlive/2010/texmf-dist/tex/latex/graphics/keyval.sty
Package: keyval 1999/03/16 v1.13 key=value parser (DPC)
\KV@toks@=\toks14
)
(/usr/local/texlive/2010/texmf-dist/tex/latex/graphics/graphics.sty
Package: graphics 2009/02/05 v1.0o Standard LaTeX Graphics (DPC,SPQR)

(/usr/local/texlive/2010/texmf-dist/tex/latex/graphics/trig.sty
Package: trig 1999/03/16 v1.09 sin cos tan (DPC)
)
(/usr/local/texlive/2010/texmf-dist/tex/latex/latexconfig/graphics.cfg
File: graphics.cfg 2010/04/23 v1.9 graphics configuration of TeX Live
)
Package graphics Info: Driver file: pdftex.def on input line 91.

(/usr/local/texlive/2010/texmf-dist/tex/latex/pdftex-def/pdftex.def
File: pdftex.def 2010/02/14 v0.04n Graphics/color for pdfTeX
\Gread@gobject=\count87
))
\Gin@req@height=\dimen104
\Gin@req@width=\dimen105
)
(/usr/local/texlive/2010/texmf-dist/tex/latex/psnfss/pifont.sty
Package: pifont 2005/04/12 PSNFSS-v9.2a Pi font support (SPQR) 
LaTeX Font Info:    Try loading font information for U+pzd on input line 63.

(/usr/local/texlive/2010/texmf-dist/tex/latex/psnfss/upzd.fd
File: upzd.fd 2001/06/04 font definitions for U/pzd.
)
LaTeX Font Info:    Try loading font information for U+psy on input line 64.

(/usr/local/texlive/2010/texmf-dist/tex/latex/psnfss/upsy.fd
File: upsy.fd 2001/06/04 font definitions for U/psy.
))
\c@tnote=\count88
\c@fnote=\count89
\c@cnote=\count90
\c@ead=\count91
\c@author=\count92
\@eadauthor=\toks15
\c@affn=\count93
\absbox=\box26
\keybox=\box27
\Columnwidth=\dimen106
\space@left=\dimen107
\els@boxa=\box28
\els@boxb=\box29
\leftMargin=\dimen108
\@enLab=\toks16
\@sep=\skip43
\@@sep=\skip44

(/usr/local/texlive/2010/texmf-dist/tex/latex/natbib/natbib.sty
Package: natbib 2009/11/07 8.31a (PWD, AO)
\bibhang=\skip45
\bibsep=\skip46
LaTeX Info: Redefining \cite on input line 694.
\c@NAT@ctr=\count94

Local config file natbib.cfg used

(/Users/kaushik/Library/texmf/tex/latex/jbr-tex-local/local/latex209/misc/natbi
b.cfg))
\splwrite=\write3
\openout3 = `manuscript.spl'.

\appnamewidth=\dimen109
) (/usr/local/texlive/2010/texmf-dist/tex/latex/url/url.sty
\Urlmuskip=\muskip10
Package: url 2006/04/12  ver 3.3  Verb mode for urls, etc.
)
(/usr/local/texlive/2010/texmf-dist/tex/latex/graphics/color.sty
Package: color 2005/11/14 v1.0j Standard LaTeX Color (DPC)

(/usr/local/texlive/2010/texmf-dist/tex/latex/latexconfig/color.cfg
File: color.cfg 2007/01/18 v1.5 color configuration of teTeX/TeXLive
)
Package color Info: Driver file: pdftex.def on input line 130.
)
(/usr/local/texlive/2010/texmf-dist/tex/latex/abstract/abstract.sty
Package: abstract 2009/06/08 v1.2a configurable abstracts
\abstitleskip=\skip47
\absleftindent=\skip48
\absrightindent=\skip49
\absparindent=\skip50
\absparsep=\skip51
)
(/usr/local/texlive/2010/texmf-dist/tex/latex/tools/enumerate.sty
Package: enumerate 1999/03/05 v3.00 enumerate extensions (DPC)
\@enLab=\toks17
)
(/usr/local/texlive/2010/texmf-dist/tex/latex/amsfonts/amssymb.sty
Package: amssymb 2009/06/22 v3.00

(/usr/local/texlive/2010/texmf-dist/tex/latex/amsfonts/amsfonts.sty
Package: amsfonts 2009/06/22 v3.00 Basic AMSFonts support
\@emptytoks=\toks18
\symAMSa=\mathgroup4
\symAMSb=\mathgroup5
LaTeX Font Info:    Overwriting math alphabet `\mathfrak' in version `bold'
(Font)                  U/euf/m/n --> U/euf/b/n on input line 96.
))
(/usr/local/texlive/2010/texmf-dist/tex/latex/amsmath/amsmath.sty
Package: amsmath 2000/07/18 v2.13 AMS math features
\@mathmargin=\skip52

For additional information on amsmath, use the `?' option.
(/usr/local/texlive/2010/texmf-dist/tex/latex/amsmath/amstext.sty
Package: amstext 2000/06/29 v2.01

(/usr/local/texlive/2010/texmf-dist/tex/latex/amsmath/amsgen.sty
File: amsgen.sty 1999/11/30 v2.0
\@emptytoks=\toks19
\ex@=\dimen110
))
(/usr/local/texlive/2010/texmf-dist/tex/latex/amsmath/amsbsy.sty
Package: amsbsy 1999/11/29 v1.2d
\pmbraise@=\dimen111
)
(/usr/local/texlive/2010/texmf-dist/tex/latex/amsmath/amsopn.sty
Package: amsopn 1999/12/14 v2.01 operator names
)
\inf@bad=\count95
LaTeX Info: Redefining \frac on input line 211.
\uproot@=\count96
\leftroot@=\count97
LaTeX Info: Redefining \overline on input line 307.
\classnum@=\count98
\DOTSCASE@=\count99
LaTeX Info: Redefining \ldots on input line 379.
LaTeX Info: Redefining \dots on input line 382.
LaTeX Info: Redefining \cdots on input line 467.
\Mathstrutbox@=\box30
\strutbox@=\box31
\big@size=\dimen112
LaTeX Font Info:    Redeclaring font encoding OML on input line 567.
LaTeX Font Info:    Redeclaring font encoding OMS on input line 568.
\macc@depth=\count100
\c@MaxMatrixCols=\count101
\dotsspace@=\muskip11
\c@parentequation=\count102
\dspbrk@lvl=\count103
\tag@help=\toks20
\row@=\count104
\column@=\count105
\maxfields@=\count106
\andhelp@=\toks21
\eqnshift@=\dimen113
\alignsep@=\dimen114
\tagshift@=\dimen115
\tagwidth@=\dimen116
\totwidth@=\dimen117
\lineht@=\dimen118
\@envbody=\toks22
\multlinegap=\skip53
\multlinetaggap=\skip54
\mathdisplay@stack=\toks23
LaTeX Info: Redefining \[ on input line 2666.
LaTeX Info: Redefining \] on input line 2667.
)
(/usr/local/texlive/2010/texmf-dist/tex/latex/amscls/amsthm.sty
Package: amsthm 2004/08/06 v2.20
\thm@style=\toks24
\thm@bodyfont=\toks25
\thm@headfont=\toks26
\thm@notefont=\toks27
\thm@headpunct=\toks28
\thm@preskip=\skip55
\thm@postskip=\skip56
\thm@headsep=\skip57
\dth@everypar=\toks29
LaTeX Info: Redefining \qed on input line 283.
)
(/usr/local/texlive/2010/texmf-dist/tex/latex/booktabs/booktabs.sty
Package: booktabs 2005/04/14 v1.61803 publication quality tables
\heavyrulewidth=\dimen119
\lightrulewidth=\dimen120
\cmidrulewidth=\dimen121
\belowrulesep=\dimen122
\belowbottomsep=\dimen123
\aboverulesep=\dimen124
\abovetopsep=\dimen125
\cmidrulesep=\dimen126
\cmidrulekern=\dimen127
\defaultaddspace=\dimen128
\@cmidla=\count107
\@cmidlb=\count108
\@aboverulesep=\dimen129
\@belowrulesep=\dimen130
\@thisruleclass=\count109
\@lastruleclass=\count110
\@thisrulewidth=\dimen131
)
\c@theorem=\count111

No file manuscript.aux.
\openout1 = `manuscript.aux'.

LaTeX Font Info:    Checking defaults for OML/cmm/m/it on input line 81.
LaTeX Font Info:    ... okay on input line 81.
LaTeX Font Info:    Checking defaults for T1/cmr/m/n on input line 81.
LaTeX Font Info:    ... okay on input line 81.
LaTeX Font Info:    Checking defaults for OT1/cmr/m/n on input line 81.
LaTeX Font Info:    ... okay on input line 81.
LaTeX Font Info:    Checking defaults for OMS/cmsy/m/n on input line 81.
LaTeX Font Info:    ... okay on input line 81.
LaTeX Font Info:    Checking defaults for OMX/cmex/m/n on input line 81.
LaTeX Font Info:    ... okay on input line 81.
LaTeX Font Info:    Checking defaults for U/cmr/m/n on input line 81.
LaTeX Font Info:    ... okay on input line 81.
(/usr/local/texlive/2010/texmf-dist/tex/context/base/supp-pdf.mkii
[Loading MPS to PDF converter (version 2006.09.02).]
\scratchcounter=\count112
\scratchdimen=\dimen132
\scratchbox=\box32
\nofMPsegments=\count113
\nofMParguments=\count114
\everyMPshowfont=\toks30
\MPscratchCnt=\count115
\MPscratchDim=\dimen133
\MPnumerator=\count116
\everyMPtoPDFconversion=\toks31
) (/usr/local/texlive/2010/texmf-dist/tex/generic/oberdiek/pdftexcmds.sty
Package: pdftexcmds 2010/04/01 v0.9 Utility functions of pdfTeX for LuaTeX (HO)


(/usr/local/texlive/2010/texmf-dist/tex/generic/oberdiek/infwarerr.sty
Package: infwarerr 2010/04/08 v1.3 Providing info/warning/message (HO)
)
(/usr/local/texlive/2010/texmf-dist/tex/generic/oberdiek/ifluatex.sty
Package: ifluatex 2010/03/01 v1.3 Provides the ifluatex switch (HO)
Package ifluatex Info: LuaTeX not detected.
)
(/usr/local/texlive/2010/texmf-dist/tex/generic/oberdiek/ltxcmds.sty
Package: ltxcmds 2010/04/26 v1.7 LaTeX kernel commands for general use (HO)
)
Package pdftexcmds Info: LuaTeX not detected.
Package pdftexcmds Info: \pdf@primitive is available.
Package pdftexcmds Info: \pdf@ifprimitive is available.
)
(/usr/local/texlive/2010/texmf-dist/tex/latex/oberdiek/epstopdf-base.sty
Package: epstopdf-base 2010/02/09 v2.5 Base part for package epstopdf

(/usr/local/texlive/2010/texmf-dist/tex/latex/oberdiek/grfext.sty
Package: grfext 2007/09/30 v1.0 Managing graphics extensions (HO)
)
(/usr/local/texlive/2010/texmf-dist/tex/latex/oberdiek/kvoptions.sty
Package: kvoptions 2010/02/22 v3.7 Keyval support for LaTeX options (HO)

(/usr/local/texlive/2010/texmf-dist/tex/generic/oberdiek/kvsetkeys.sty
Package: kvsetkeys 2010/03/01 v1.9 Key value parser (HO)

(/usr/local/texlive/2010/texmf-dist/tex/generic/oberdiek/etexcmds.sty
Package: etexcmds 2010/01/28 v1.3 Prefix for e-TeX command names (HO)
Package etexcmds Info: Could not find \expanded.
(etexcmds)             That can mean that you are not using pdfTeX 1.50 or
(etexcmds)             that some package has redefined \expanded.
(etexcmds)             In the latter case, load this package earlier.
)))
Package grfext Info: Graphics extension search list:
(grfext)             [.png,.pdf,.jpg,.mps,.jpeg,.jbig2,.jb2,.PNG,.PDF,.JPG,.JPE
G,.JBIG2,.JB2,.eps]
(grfext)             \AppendGraphicsExtensions on input line 436.

(/usr/local/texlive/2010/texmf-dist/tex/latex/latexconfig/epstopdf-sys.cfg
File: epstopdf-sys.cfg 2010/07/13 v1.3 Configuration of (r)epstopdf for TeX Liv
e
))
[1

{/Users/kaushik/Library/texlive/2010/texmf-var/fonts/map/pdftex/updmap/pdftex.m
ap}]
LaTeX Font Info:    Try loading font information for U+msa on input line 97.
 (/usr/local/texlive/2010/texmf-dist/tex/latex/amsfonts/umsa.fd
File: umsa.fd 2009/06/22 v3.00 AMS symbols A
)
LaTeX Font Info:    Try loading font information for U+msb on input line 97.

(/usr/local/texlive/2010/texmf-dist/tex/latex/amsfonts/umsb.fd
File: umsb.fd 2009/06/22 v3.00 AMS symbols B
)

Package natbib Warning: Citation `sarimevis:patrinos:tarantilis:kiranoudis:2008
' on page 2 undefined on input line 102.


Package natbib Warning: Citation `ortega:lin:2004' on page 2 undefined on input
 line 102.


Package natbib Warning: Citation `perealopez:ydstie:grossmann:2003' on page 2 u
ndefined on input line 103.


Package natbib Warning: Citation `mestan:turkay:arkun:2006' on page 2 undefined
 on input line 103.


Package natbib Warning: Citation `dunbar:desa:2007a' on page 2 undefined on inp
ut line 103.


Package natbib Warning: Citation `seferlis:giannelos:2004' on page 2 undefined 
on input line 103.


Package natbib Warning: Citation `kempf:2004' on page 2 undefined on input line
 103.


Package natbib Warning: Citation `braun:rivera:flores:carlyle:kempf:2003' on pa
ge 2 undefined on input line 103.


Package natbib Warning: Citation `Maestre:Pena:Camacho:2009' on page 2 undefine
d on input line 103.


Package natbib Warning: Citation `maestre:pena:camacho:2011' on page 2 undefine
d on input line 103.


Package natbib Warning: Citation `lin:wong:jang:shieh:chu:2004' on page 2 undef
ined on input line 107.


Package natbib Warning: Citation `venkateswaran:son:2005' on page 2 undefined o
n input line 107.


Package natbib Warning: Citation `hoberg:bradley:thonemann:2007' on page 2 unde
fined on input line 107.


Package natbib Warning: Citation `rawlings:mayne:2009' on page 2 undefined on i
nput line 121.


Package natbib Warning: Citation `subramanian:rawlings:maravelias:2013' on page
 2 undefined on input line 123.


Package natbib Warning: Citation `amrit:rawlings:angeli:2011' on page 2 undefin
ed on input line 128.


Package natbib Warning: Citation `diehl:amrit:rawlings:2011' on page 2 undefine
d on input line 128.


LaTeX Warning: Reference `sec:ecoMPC' on page 2 undefined on input line 132.


LaTeX Warning: Reference `sec:model' on page 2 undefined on input line 134.


LaTeX Warning: Reference `sec:ecoMPC_res' on page 2 undefined on input line 135
.


LaTeX Warning: Reference `sec:multiobj' on page 2 undefined on input line 137.


LaTeX Warning: Reference `sec:multi' on page 2 undefined on input line 139.


LaTeX Warning: Reference `sec:multi:integration' on page 2 undefined on input l
ine 141.


Package natbib Warning: Citation `subramanian:maravelias:rawlings:2012' on page
 2 undefined on input line 142.


LaTeX Warning: Reference `sec:conclusions' on page 2 undefined on input line 14
4.


Package natbib Warning: Citation `amrit:rawlings:angeli:2011' on page 2 undefin
ed on input line 148.


Package natbib Warning: Citation `diehl:amrit:rawlings:2011' on page 2 undefine
d on input line 148.

[2

]

LaTeX Warning: Reference `eq:SS' on page 3 undefined on input line 191.


LaTeX Warning: Reference `eq:SS1' on page 3 undefined on input line 193.

[3]
Overfull \hbox (9.97935pt too wide) in paragraph at lines 242--246
\OT1/cmr/m/n/10 The con-trol hori-zon is de-noted by $\OML/cmm/m/it/10 N$\OT1/c
mr/m/n/10 , the in-put se-quence $\OT1/cmr/bx/n/10 u \OT1/cmr/m/n/10 = (\OML/cm
m/m/it/10 u\OT1/cmr/m/n/10 (0)\OML/cmm/m/it/10 ; u\OT1/cmr/m/n/10 (1)\OML/cmm/m
/it/10 ; [] ; u\OT1/cmr/m/n/10 (\OML/cmm/m/it/10 N \OMS/cmsy/m/n/10 ^^@
 []


LaTeX Warning: Reference `eq:PN_equality' on page 4 undefined on input line 249
.


LaTeX Warning: Reference `eq:PN_equality' on page 4 undefined on input line 252
.


LaTeX Warning: Reference `eq:PN_equality' on page 4 undefined on input line 255
.


Package natbib Warning: Citation `diehl:amrit:rawlings:2011' on page 4 undefine
d on input line 256.


LaTeX Warning: Reference `ass:closed' on page 4 undefined on input line 260.


LaTeX Warning: Reference `ass:strict_dissipativity' on page 4 undefined on inpu
t line 260.


LaTeX Warning: Reference `eq:PN_equality' on page 4 undefined on input line 266
.

[4]

LaTeX Warning: Reference `eq:VN_equality' on page 5 undefined on input line 284
.


LaTeX Warning: Reference `eq:PN_region' on page 5 undefined on input line 287.


LaTeX Warning: Reference `ass:bsa' on page 5 undefined on input line 290.


LaTeX Warning: Reference `eq:PN_region' on page 5 undefined on input line 291.


LaTeX Warning: Reference `eq:PN_region' on page 5 undefined on input line 293.


Package natbib Warning: Citation `amrit:rawlings:angeli:2011' on page 5 undefin
ed on input line 296.


LaTeX Warning: Reference `ass:closed' on page 5 undefined on input line 300.


LaTeX Warning: Reference `ass:strict_dissipativity' on page 5 undefined on inpu
t line 300.


LaTeX Warning: Reference `ass:bsa' on page 5 undefined on input line 300.


LaTeX Warning: Reference `eq:PN_region' on page 5 undefined on input line 306.


LaTeX Warning: Reference `fig:2stage' on page 5 undefined on input line 311.

<2node.pdf, id=32, 690.58pt x 144.54pt>
File: 2node.pdf Graphic file (type pdf)
 <use 2node.pdf> [5]

LaTeX Warning: Reference `eq:model0' on page 6 undefined on input line 396.


LaTeX Warning: Reference `eq:model' on page 6 undefined on input line 397.


LaTeX Warning: Reference `eq:SS' on page 6 undefined on input line 419.


LaTeX Warning: Reference `eq:model0' on page 6 undefined on input line 420.

[6 <./2node.pdf>]

LaTeX Warning: Reference `eq:esc:SSx' on page 7 undefined on input line 433.


LaTeX Warning: Reference `eq:PN_none' on page 7 undefined on input line 457.


LaTeX Warning: Reference `eq:VN_equality' on page 7 undefined on input line 467
.


LaTeX Warning: Reference `fig:esc:unstable_SC' on page 7 undefined on input lin
e 468.


LaTeX Warning: Reference `eq:PN_none' on page 7 undefined on input line 469.


LaTeX Warning: Reference `fig:esc:stable_SC' on page 7 undefined on input line 
479.


LaTeX Warning: Reference `eq:PN_equality' on page 7 undefined on input line 481
.

[7] <unstable_SC.pdf, id=49, 361.35pt x 151.56625pt>
File: unstable_SC.pdf Graphic file (type pdf)
 <use unstable_SC.pdf>
<stable_SC.pdf, id=50, 361.35pt x 151.56625pt>
File: stable_SC.pdf Graphic file (type pdf)
 <use stable_SC.pdf> [8 <./unstable_SC.pdf> <./stable_SC.pdf>]

LaTeX Warning: Reference `eq:model0' on page 9 undefined on input line 744.


Package natbib Warning: Citation `kim:weck:2005' on page 9 undefined on input l
ine 754.


LaTeX Warning: Reference `fig:esc:SS_omega' on page 9 undefined on input line 7
85.

<SS_omega.pdf, id=58, 361.35pt x 151.56625pt>
File: SS_omega.pdf Graphic file (type pdf)
 <use SS_omega.pdf>

LaTeX Warning: Reference `eq:PN_region' on page 9 undefined on input line 922.


LaTeX Warning: Reference `eq:PN_equality' on page 9 undefined on input line 923
.

[9]

Package natbib Warning: Citation `rao:rawlings:1999' on page 10 undefined on in
put line 930.


LaTeX Warning: Reference `eq:PN_equality' on page 10 undefined on input line 93
3.


Package natbib Warning: Citation `rao:rawlings:1999' on page 10 undefined on in
put line 934.


LaTeX Warning: Reference `eq:esc:BSA_condition' on page 10 undefined on input l
ine 956.


Package natbib Warning: Citation `gilbert:tan:1991' on page 10 undefined on inp
ut line 958.


Package natbib Warning: Citation `kvasnica:grieder:baotic:2006' on page 10 unde
fined on input line 958.

[10 <./SS_omega.pdf>]

LaTeX Warning: Reference `fig:esc:CL' on page 11 undefined on input line 960.


LaTeX Warning: Reference `eq:PN_region' on page 11 undefined on input line 961.



LaTeX Warning: Reference `eq:VN_region' on page 11 undefined on input line 961.



LaTeX Warning: Reference `eq:esc:ell' on page 11 undefined on input line 961.

<CL2.pdf, id=68, 361.35pt x 151.56625pt>
File: CL2.pdf Graphic file (type pdf)
 <use CL2.pdf>
<CL4.pdf, id=69, 361.35pt x 151.56625pt>
File: CL4.pdf Graphic file (type pdf)
 <use CL4.pdf>
<CL8.pdf, id=70, 361.35pt x 151.56625pt>
File: CL8.pdf Graphic file (type pdf)
 <use CL8.pdf>

LaTeX Warning: Reference `tab:esc:CL' on page 11 undefined on input line 1355.


LaTeX Warning: Reference `fig:esc:CL' on page 11 undefined on input line 1379.


LaTeX Warning: Reference `tab:esc:CL' on page 11 undefined on input line 1379.


LaTeX Warning: Reference `eq:esc:SSx' on page 11 undefined on input line 1390.


LaTeX Warning: Reference `tab:esc:CL' on page 11 undefined on input line 1391.


LaTeX Warning: Reference `fig:esc:lssc' on page 11 undefined on input line 1399
.

<lssc.pdf, id=71, 639.38875pt x 403.5075pt>
File: lssc.pdf Graphic file (type pdf)
 <use lssc.pdf>
LaTeX Font Info:    Calculating math sizes for size <17> on input line 1439.


LaTeX Font Warning: Font shape `OT1/cmr/m/n' in size <8.5> not available
(Font)              size <8> substituted on input line 1439.


LaTeX Font Warning: Font shape `OML/cmm/m/it' in size <8.5> not available
(Font)              size <8> substituted on input line 1439.


LaTeX Font Warning: Font shape `OMS/cmsy/m/n' in size <8.5> not available
(Font)              size <8> substituted on input line 1439.


LaTeX Font Warning: Font shape `OT1/cmr/bx/n' in size <8.5> not available
(Font)              size <8> substituted on input line 1439.

[11] [12 <./CL2.pdf> <./CL4.pdf> <./CL8.pdf>]

LaTeX Warning: Reference `tab:esc:translead' on page 13 undefined on input line
 1446.


LaTeX Warning: Reference `tab:esc:dem' on page 13 undefined on input line 1448.



LaTeX Warning: Reference `tab:esc:dem' on page 13 undefined on input line 1450.



LaTeX Warning: Reference `tab:esc:targinv' on page 13 undefined on input line 1
488.


LaTeX Warning: Reference `tab:esc:constraints' on page 13 undefined on input li
ne 1492.

[13 <./lssc.pdf>]

LaTeX Warning: Reference `tab:esc:state_economic' on page 14 undefined on input
 line 1496.


LaTeX Warning: Reference `tab:esc:input_economic' on page 14 undefined on input
 line 1496.


LaTeX Warning: Reference `eq:esc:ell' on page 14 undefined on input line 1555.


LaTeX Warning: Reference `eq:SS' on page 14 undefined on input line 1557.


LaTeX Warning: Reference `eq:PN_equality1' on page 14 undefined on input line 1
558.


LaTeX Warning: Reference `tab:esc:initial' on page 14 undefined on input line 1
564.

[14]

LaTeX Warning: Reference `fig:esc:bullwhip' on page 15 undefined on input line 
1590.


Package natbib Warning: Citation `lee:padmanabhan:whang:1997' on page 15 undefi
ned on input line 1596.


Package natbib Warning: Citation `lee:padmanabhan:whang:1997b' on page 15 undef
ined on input line 1596.


LaTeX Warning: Reference `fig:esc:bullwhip' on page 15 undefined on input line 
1597.


Package natbib Warning: Citation `moyaux:chaib-draa:damours:2007' on page 15 un
defined on input line 1598.


LaTeX Warning: Reference `fig:esc:Order' on page 15 undefined on input line 160
1.

<bullwhip.pdf, id=94, 361.35pt x 252.945pt>
File: bullwhip.pdf Graphic file (type pdf)
 <use bullwhip.pdf>
<R3.pdf, id=95, 361.35pt x 151.56625pt>
File: R3.pdf Graphic file (type pdf)
 <use R3.pdf>

LaTeX Warning: Reference `tab:esc:avgA' on page 15 undefined on input line 1840
.


LaTeX Warning: `h' float specifier changed to `ht'.

[15] [16 <./bullwhip.pdf> <./R3.pdf>]

Package natbib Warning: Citation `shah:pantelides:sargent:1993' on page 17 unde
fined on input line 1873.


Package natbib Warning: Citation `mendez:cerda:grossmann:harjunkoski:fahl:2006'
 on page 17 undefined on input line 1873.


Package natbib Warning: Citation `maravelias:2012' on page 17 undefined on inpu
t line 1873.


Package amsmath Warning: Foreign command \atop;
(amsmath)                \frac or \genfrac should be used instead
(amsmath)                 on input line 1897.

[17]

Package natbib Warning: Citation `subramanian:maravelias:rawlings:2012' on page
 18 undefined on input line 1916.


LaTeX Warning: Reference `eq:model' on page 18 undefined on input line 1918.


LaTeX Warning: Reference `eq:PN_equality' on page 18 undefined on input line 19
19.


LaTeX Warning: Reference `eq:PN_region' on page 18 undefined on input line 1920
.


LaTeX Warning: Reference `eq:esc:Pp' on page 18 undefined on input line 1932.

[18]

LaTeX Warning: Reference `eq:esc:assign' on page 19 undefined on input line 195
0.


LaTeX Warning: Reference `eq:esc:bts' on page 19 undefined on input line 1950.


LaTeX Warning: Reference `eq:esc:Pp' on page 19 undefined on input line 1953.


LaTeX Warning: Reference `eq:esc:Pp' on page 19 undefined on input line 1954.


LaTeX Warning: Reference `fig:esc:gantt_ss' on page 19 undefined on input line 
1959.

<SS_gantt.pdf, id=114, 416.55624pt x 115.43124pt>
File: SS_gantt.pdf Graphic file (type pdf)
 <use SS_gantt.pdf>
Overfull \hbox (71.55522pt too wide) in paragraph at lines 1966--1968
 [][] 
 []

<NTS_gantt.pdf, id=115, 412.54124pt x 115.43124pt>
File: NTS_gantt.pdf Graphic file (type pdf)
 <use NTS_gantt.pdf>
<TS_gantt.pdf, id=116, 408.52625pt x 115.43124pt>
File: TS_gantt.pdf Graphic file (type pdf)
 <use TS_gantt.pdf>
Overfull \hbox (67.54024pt too wide) in paragraph at lines 1973--1978
 [] 
 []


Overfull \hbox (63.52525pt too wide) in paragraph at lines 1973--1978
 [] 
 []


LaTeX Warning: Reference `eq:esc:PbNT' on page 19 undefined on input line 1978.



LaTeX Warning: Reference `eq:esc:PbT' on page 19 undefined on input line 1978.


LaTeX Warning: Reference `eq:esc:PbNT' on page 19 undefined on input line 1978.



LaTeX Warning: Reference `eq:esc:PbT' on page 19 undefined on input line 1978.

<BOprofile.pdf, id=117, 361.35pt x 151.56625pt>
File: BOprofile.pdf Graphic file (type pdf)
 <use BOprofile.pdf>

LaTeX Warning: Reference `eq:PN_none' on page 19 undefined on input line 2090.


LaTeX Warning: Reference `eq:PN_equality' on page 19 undefined on input line 20
91.

[19 <./SS_gantt.pdf>] [20 <./NTS_gantt.pdf> <./TS_gantt.pdf> <./BOprofile.pdf>]

LaTeX Warning: Reference `fig:esc:BOTNT' on page 21 undefined on input line 211
2.


LaTeX Warning: Reference `eq:esc:PbNT' on page 21 undefined on input line 2116.



LaTeX Warning: Reference `fig:abcdefg' on page 21 undefined on input line 2118.



LaTeX Warning: Reference `eq:esc:PbT' on page 21 undefined on input line 2122.


LaTeX Warning: Reference `fig:abcdefg' on page 21 undefined on input line 2127.



LaTeX Warning: Reference `fig:esc:BOTNT' on page 21 undefined on input line 212
8.


LaTeX Warning: Reference `eq:esc:PbT' on page 21 undefined on input line 2129.


LaTeX Warning: Reference `eq:esc:PbT' on page 21 undefined on input line 2131.

[21] [22] [23]

Package natbib Warning: There were undefined citations.

[24] (./manuscript.aux

Package natbib Warning: Citation(s) may have changed.
(natbib)                Rerun to get citations correct.

)

LaTeX Font Warning: Size substitutions with differences
(Font)              up to 0.5pt have occurred.


LaTeX Warning: There were undefined references.


LaTeX Warning: Label(s) may have changed. Rerun to get cross-references right.

 ) 
Here is how much of TeX's memory you used:
 3403 strings out of 493747
 45188 string characters out of 3143546
 110592 words of memory out of 3000000
 6607 multiletter control sequences out of 15000+200000
 17418 words of font info for 67 fonts, out of 3000000 for 9000
 714 hyphenation exceptions out of 8191
 38i,22n,30p,838b,349s stack positions out of 5000i,500n,10000p,200000b,50000s
</usr/local/texlive/2010/texmf-dist/fonts/type1/public/amsfonts/cm/cmbx10.pfb
></usr/local/texlive/2010/texmf-dist/fonts/type1/public/amsfonts/cm/cmbx5.pfb><
/usr/local/texlive/2010/texmf-dist/fonts/type1/public/amsfonts/cm/cmbx7.pfb></u
sr/local/texlive/2010/texmf-dist/fonts/type1/public/amsfonts/cm/cmbx8.pfb></usr
/local/texlive/2010/texmf-dist/fonts/type1/public/amsfonts/cm/cmbx9.pfb></usr/l
ocal/texlive/2010/texmf-dist/fonts/type1/public/amsfonts/cm/cmex10.pfb></usr/lo
cal/texlive/2010/texmf-dist/fonts/type1/public/amsfonts/cm/cmmi10.pfb></usr/loc
al/texlive/2010/texmf-dist/fonts/type1/public/amsfonts/cm/cmmi12.pfb></usr/loca
l/texlive/2010/texmf-dist/fonts/type1/public/amsfonts/cm/cmmi5.pfb></usr/local/
texlive/2010/texmf-dist/fonts/type1/public/amsfonts/cm/cmmi7.pfb></usr/local/te
xlive/2010/texmf-dist/fonts/type1/public/amsfonts/cm/cmmi8.pfb></usr/local/texl
ive/2010/texmf-dist/fonts/type1/public/amsfonts/cm/cmr10.pfb></usr/local/texliv
e/2010/texmf-dist/fonts/type1/public/amsfonts/cm/cmr12.pfb></usr/local/texlive/
2010/texmf-dist/fonts/type1/public/amsfonts/cm/cmr17.pfb></usr/local/texlive/20
10/texmf-dist/fonts/type1/public/amsfonts/cm/cmr5.pfb></usr/local/texlive/2010/
texmf-dist/fonts/type1/public/amsfonts/cm/cmr7.pfb></usr/local/texlive/2010/tex
mf-dist/fonts/type1/public/amsfonts/cm/cmr8.pfb></usr/local/texlive/2010/texmf-
dist/fonts/type1/public/amsfonts/cm/cmr9.pfb></usr/local/texlive/2010/texmf-dis
t/fonts/type1/public/amsfonts/cm/cmsy10.pfb></usr/local/texlive/2010/texmf-dist
/fonts/type1/public/amsfonts/cm/cmsy5.pfb></usr/local/texlive/2010/texmf-dist/f
onts/type1/public/amsfonts/cm/cmsy6.pfb></usr/local/texlive/2010/texmf-dist/fon
ts/type1/public/amsfonts/cm/cmsy7.pfb></usr/local/texlive/2010/texmf-dist/fonts
/type1/public/amsfonts/cm/cmti10.pfb></usr/local/texlive/2010/texmf-dist/fonts/
type1/public/amsfonts/cm/cmti8.pfb></usr/local/texlive/2010/texmf-dist/fonts/ty
pe1/public/amsfonts/cm/cmtt10.pfb></usr/local/texlive/2010/texmf-dist/fonts/typ
e1/public/amsfonts/symbols/msbm10.pfb></usr/local/texlive/2010/texmf-dist/fonts
/type1/public/amsfonts/symbols/msbm7.pfb>
Output written on manuscript.pdf (24 pages, 385761 bytes).
PDF statistics:
 241 PDF objects out of 1000 (max. 8388607)
 169 compressed objects within 2 object streams
 0 named destinations out of 1000 (max. 500000)
 71 words of extra memory for PDF output out of 10000 (max. 10000000)

